# Logfile created on 2016-02-22 14:53:56 -0600 by logger.rb/44203
I, [2016-02-22T14:53:56.892219 #51940]  INFO -- : Net::HTTP::Get: /
D, [2016-02-22T14:53:56.892283 #51940] DEBUG -- : request-header: accept-encoding => gzip,deflate,identity
D, [2016-02-22T14:53:56.892314 #51940] DEBUG -- : request-header: accept => */*
D, [2016-02-22T14:53:56.892332 #51940] DEBUG -- : request-header: user-agent => Mechanize/2.7.4 Ruby/2.1.1p76 (http://github.com/sparklemotion/mechanize/)
D, [2016-02-22T14:53:56.892360 #51940] DEBUG -- : request-header: accept-charset => ISO-8859-1,utf-8;q=0.7,*;q=0.7
D, [2016-02-22T14:53:56.892377 #51940] DEBUG -- : request-header: accept-language => en-us,en;q=0.5
D, [2016-02-22T14:53:56.892393 #51940] DEBUG -- : request-header: host => www.highspeedinternet.com
I, [2016-02-22T14:53:58.047503 #51940]  INFO -- : status: Net::HTTPOK 1.1 200 OK
D, [2016-02-22T14:53:58.047586 #51940] DEBUG -- : response-header: server => Apache/2.2.15 (Red Hat)
D, [2016-02-22T14:53:58.047615 #51940] DEBUG -- : response-header: x-powered-by => PHP/5.3.3
D, [2016-02-22T14:53:58.047638 #51940] DEBUG -- : response-header: set-cookie => PHPSESSID=rmf5fgah9em6amph7j49iehkv0; path=/, promo=deleted; expires=Sun, 22-Feb-2015 20:58:39 GMT; path=/, promo=47181; expires=Tue, 21-Feb-2017 20:58:40 GMT; path=/, historical_promo_codes=deleted; expires=Sun, 22-Feb-2015 20:58:39 GMT; path=/, historical_promo_codes=47181; expires=Tue, 21-Feb-2017 20:58:40 GMT; path=/
D, [2016-02-22T14:53:58.047671 #51940] DEBUG -- : response-header: expires => Thu, 19 Nov 1981 08:52:00 GMT
D, [2016-02-22T14:53:58.047688 #51940] DEBUG -- : response-header: cache-control => no-store, no-cache, must-revalidate, post-check=0, pre-check=0
D, [2016-02-22T14:53:58.047723 #51940] DEBUG -- : response-header: pragma => no-cache
D, [2016-02-22T14:53:58.047750 #51940] DEBUG -- : response-header: vary => Accept-Encoding,User-Agent
D, [2016-02-22T14:53:58.047768 #51940] DEBUG -- : response-header: content-encoding => gzip
D, [2016-02-22T14:53:58.047785 #51940] DEBUG -- : response-header: content-type => text/html; charset=UTF-8
D, [2016-02-22T14:53:58.047802 #51940] DEBUG -- : response-header: content-length => 18553
D, [2016-02-22T14:53:58.047820 #51940] DEBUG -- : response-header: date => Mon, 22 Feb 2016 20:58:40 GMT
D, [2016-02-22T14:53:58.047837 #51940] DEBUG -- : response-header: x-varnish => 886048346
D, [2016-02-22T14:53:58.047854 #51940] DEBUG -- : response-header: age => 0
D, [2016-02-22T14:53:58.047890 #51940] DEBUG -- : response-header: via => 1.1 varnish
D, [2016-02-22T14:53:58.047917 #51940] DEBUG -- : response-header: connection => keep-alive
D, [2016-02-22T14:53:58.048003 #51940] DEBUG -- : Read 540 bytes (540 total)
D, [2016-02-22T14:53:58.048041 #51940] DEBUG -- : Read 2976 bytes (3516 total)
D, [2016-02-22T14:53:58.048924 #51940] DEBUG -- : Read 5792 bytes (9308 total)
D, [2016-02-22T14:53:58.049090 #51940] DEBUG -- : Read 1448 bytes (10756 total)
D, [2016-02-22T14:53:58.049188 #51940] DEBUG -- : Read 2896 bytes (13652 total)
D, [2016-02-22T14:53:58.049562 #51940] DEBUG -- : Read 1448 bytes (15100 total)
D, [2016-02-22T14:53:58.050320 #51940] DEBUG -- : Read 3453 bytes (18553 total)
D, [2016-02-22T14:53:58.050511 #51940] DEBUG -- : gzip response
D, [2016-02-22T14:53:58.056615 #51940] DEBUG -- : saved cookie: PHPSESSID=rmf5fgah9em6amph7j49iehkv0
D, [2016-02-22T14:53:58.057357 #51940] DEBUG -- : saved cookie: promo=deleted
D, [2016-02-22T14:53:58.057542 #51940] DEBUG -- : saved cookie: promo=47181
D, [2016-02-22T14:53:58.057707 #51940] DEBUG -- : saved cookie: historical_promo_codes=deleted
D, [2016-02-22T14:53:58.057862 #51940] DEBUG -- : saved cookie: historical_promo_codes=47181
I, [2016-02-22T14:53:58.101163 #51940]  INFO -- : form encoding: utf-8
D, [2016-02-22T14:53:58.101344 #51940] DEBUG -- : query: "zip=76621&action=redirect"
I, [2016-02-22T14:53:58.103123 #51940]  INFO -- : Net::HTTP::Post: /conf/HSIData.php
D, [2016-02-22T14:53:58.103168 #51940] DEBUG -- : request-header: accept-encoding => gzip,deflate,identity
D, [2016-02-22T14:53:58.103194 #51940] DEBUG -- : request-header: accept => */*
D, [2016-02-22T14:53:58.103229 #51940] DEBUG -- : request-header: user-agent => Mechanize/2.7.4 Ruby/2.1.1p76 (http://github.com/sparklemotion/mechanize/)
D, [2016-02-22T14:53:58.103263 #51940] DEBUG -- : request-header: accept-charset => ISO-8859-1,utf-8;q=0.7,*;q=0.7
D, [2016-02-22T14:53:58.103281 #51940] DEBUG -- : request-header: accept-language => en-us,en;q=0.5
D, [2016-02-22T14:53:58.103297 #51940] DEBUG -- : request-header: cookie => PHPSESSID=rmf5fgah9em6amph7j49iehkv0; historical_promo_codes=47181; promo=47181
D, [2016-02-22T14:53:58.103313 #51940] DEBUG -- : request-header: host => www.highspeedinternet.com
D, [2016-02-22T14:53:58.103337 #51940] DEBUG -- : request-header: referer => http://www.highspeedinternet.com/
D, [2016-02-22T14:53:58.103354 #51940] DEBUG -- : request-header: content-type => application/x-www-form-urlencoded
D, [2016-02-22T14:53:58.103370 #51940] DEBUG -- : request-header: content-length => 25
I, [2016-02-22T14:53:58.200454 #51940]  INFO -- : status: Net::HTTPFound 1.1 302 Found
D, [2016-02-22T14:53:58.200535 #51940] DEBUG -- : response-header: server => Apache/2.2.15 (Red Hat)
D, [2016-02-22T14:53:58.200563 #51940] DEBUG -- : response-header: x-powered-by => PHP/5.3.3
D, [2016-02-22T14:53:58.200586 #51940] DEBUG -- : response-header: location => http://www.highspeedinternet.com/tx/abbott?zip=76621
D, [2016-02-22T14:53:58.200631 #51940] DEBUG -- : response-header: vary => Accept-Encoding,User-Agent
D, [2016-02-22T14:53:58.200651 #51940] DEBUG -- : response-header: content-encoding => gzip
D, [2016-02-22T14:53:58.200671 #51940] DEBUG -- : response-header: content-type => text/html; charset=UTF-8
D, [2016-02-22T14:53:58.200690 #51940] DEBUG -- : response-header: content-length => 20
D, [2016-02-22T14:53:58.200709 #51940] DEBUG -- : response-header: date => Mon, 22 Feb 2016 20:58:40 GMT
D, [2016-02-22T14:53:58.200728 #51940] DEBUG -- : response-header: x-varnish => 886048351
D, [2016-02-22T14:53:58.200746 #51940] DEBUG -- : response-header: age => 0
D, [2016-02-22T14:53:58.200765 #51940] DEBUG -- : response-header: via => 1.1 varnish
D, [2016-02-22T14:53:58.200783 #51940] DEBUG -- : response-header: connection => keep-alive
D, [2016-02-22T14:53:58.200875 #51940] DEBUG -- : Read 20 bytes (20 total)
D, [2016-02-22T14:53:58.200974 #51940] DEBUG -- : gzip response
I, [2016-02-22T14:53:58.201233 #51940]  INFO -- : follow redirect to: http://www.highspeedinternet.com/tx/abbott?zip=76621
I, [2016-02-22T14:53:58.202208 #51940]  INFO -- : Net::HTTP::Get: /tx/abbott?zip=76621
D, [2016-02-22T14:53:58.202244 #51940] DEBUG -- : request-header: accept-encoding => gzip,deflate,identity
D, [2016-02-22T14:53:58.202265 #51940] DEBUG -- : request-header: accept => */*
D, [2016-02-22T14:53:58.202283 #51940] DEBUG -- : request-header: user-agent => Mechanize/2.7.4 Ruby/2.1.1p76 (http://github.com/sparklemotion/mechanize/)
D, [2016-02-22T14:53:58.202301 #51940] DEBUG -- : request-header: accept-charset => ISO-8859-1,utf-8;q=0.7,*;q=0.7
D, [2016-02-22T14:53:58.202322 #51940] DEBUG -- : request-header: accept-language => en-us,en;q=0.5
D, [2016-02-22T14:53:58.202340 #51940] DEBUG -- : request-header: cookie => PHPSESSID=rmf5fgah9em6amph7j49iehkv0; historical_promo_codes=47181; promo=47181
D, [2016-02-22T14:53:58.202361 #51940] DEBUG -- : request-header: host => www.highspeedinternet.com
D, [2016-02-22T14:53:58.202393 #51940] DEBUG -- : request-header: referer => http://www.highspeedinternet.com/
I, [2016-02-22T14:53:59.003783 #51940]  INFO -- : status: Net::HTTPOK 1.1 200 OK
D, [2016-02-22T14:53:59.003862 #51940] DEBUG -- : response-header: server => Apache/2.2.15 (Red Hat)
D, [2016-02-22T14:53:59.003887 #51940] DEBUG -- : response-header: x-powered-by => PHP/5.3.3
D, [2016-02-22T14:53:59.003909 #51940] DEBUG -- : response-header: expires => Thu, 19 Nov 1981 08:52:00 GMT
D, [2016-02-22T14:53:59.003929 #51940] DEBUG -- : response-header: cache-control => no-store, no-cache, must-revalidate, post-check=0, pre-check=0
D, [2016-02-22T14:53:59.003948 #51940] DEBUG -- : response-header: pragma => no-cache
D, [2016-02-22T14:53:59.004031 #51940] DEBUG -- : response-header: vary => Accept-Encoding,User-Agent
D, [2016-02-22T14:53:59.004053 #51940] DEBUG -- : response-header: content-encoding => gzip
D, [2016-02-22T14:53:59.004072 #51940] DEBUG -- : response-header: content-type => text/html; charset=UTF-8
D, [2016-02-22T14:53:59.004090 #51940] DEBUG -- : response-header: content-length => 20325
D, [2016-02-22T14:53:59.004109 #51940] DEBUG -- : response-header: date => Mon, 22 Feb 2016 20:58:41 GMT
D, [2016-02-22T14:53:59.004126 #51940] DEBUG -- : response-header: x-varnish => 886048353
D, [2016-02-22T14:53:59.004144 #51940] DEBUG -- : response-header: age => 0
D, [2016-02-22T14:53:59.004165 #51940] DEBUG -- : response-header: via => 1.1 varnish
D, [2016-02-22T14:53:59.004184 #51940] DEBUG -- : response-header: connection => keep-alive
D, [2016-02-22T14:53:59.004426 #51940] DEBUG -- : Read 924 bytes (924 total)
D, [2016-02-22T14:53:59.004590 #51940] DEBUG -- : Read 16384 bytes (17308 total)
D, [2016-02-22T14:53:59.004661 #51940] DEBUG -- : Read 3017 bytes (20325 total)
D, [2016-02-22T14:53:59.004769 #51940] DEBUG -- : gzip response
I, [2016-02-22T14:55:04.579847 #51948]  INFO -- : Net::HTTP::Get: /
D, [2016-02-22T14:55:04.592523 #51948] DEBUG -- : request-header: accept-encoding => gzip,deflate,identity
D, [2016-02-22T14:55:04.592596 #51948] DEBUG -- : request-header: accept => */*
D, [2016-02-22T14:55:04.592618 #51948] DEBUG -- : request-header: user-agent => Mechanize/2.7.4 Ruby/2.1.1p76 (http://github.com/sparklemotion/mechanize/)
D, [2016-02-22T14:55:04.592636 #51948] DEBUG -- : request-header: accept-charset => ISO-8859-1,utf-8;q=0.7,*;q=0.7
D, [2016-02-22T14:55:04.592664 #51948] DEBUG -- : request-header: accept-language => en-us,en;q=0.5
D, [2016-02-22T14:55:04.592682 #51948] DEBUG -- : request-header: host => www.highspeedinternet.com
I, [2016-02-22T14:55:05.545271 #51948]  INFO -- : status: Net::HTTPOK 1.1 200 OK
D, [2016-02-22T14:55:05.545347 #51948] DEBUG -- : response-header: server => Apache/2.2.15 (Red Hat)
D, [2016-02-22T14:55:05.545375 #51948] DEBUG -- : response-header: x-powered-by => PHP/5.3.3
D, [2016-02-22T14:55:05.545398 #51948] DEBUG -- : response-header: set-cookie => PHPSESSID=ufmq8rgeagr9gtn57oo9ihnov6; path=/, promo=deleted; expires=Sun, 22-Feb-2015 20:57:40 GMT; path=/, promo=47181; expires=Tue, 21-Feb-2017 20:57:41 GMT; path=/, historical_promo_codes=deleted; expires=Sun, 22-Feb-2015 20:57:40 GMT; path=/, historical_promo_codes=47181; expires=Tue, 21-Feb-2017 20:57:41 GMT; path=/
D, [2016-02-22T14:55:05.545423 #51948] DEBUG -- : response-header: expires => Thu, 19 Nov 1981 08:52:00 GMT
D, [2016-02-22T14:55:05.545444 #51948] DEBUG -- : response-header: cache-control => no-store, no-cache, must-revalidate, post-check=0, pre-check=0
D, [2016-02-22T14:55:05.545464 #51948] DEBUG -- : response-header: pragma => no-cache
D, [2016-02-22T14:55:05.545504 #51948] DEBUG -- : response-header: vary => Accept-Encoding,User-Agent
D, [2016-02-22T14:55:05.545523 #51948] DEBUG -- : response-header: content-encoding => gzip
D, [2016-02-22T14:55:05.545553 #51948] DEBUG -- : response-header: content-type => text/html; charset=UTF-8
D, [2016-02-22T14:55:05.545568 #51948] DEBUG -- : response-header: content-length => 18554
D, [2016-02-22T14:55:05.545586 #51948] DEBUG -- : response-header: date => Mon, 22 Feb 2016 20:57:42 GMT
D, [2016-02-22T14:55:05.545602 #51948] DEBUG -- : response-header: x-varnish => 930694635
D, [2016-02-22T14:55:05.545617 #51948] DEBUG -- : response-header: age => 0
D, [2016-02-22T14:55:05.545649 #51948] DEBUG -- : response-header: via => 1.1 varnish
D, [2016-02-22T14:55:05.545665 #51948] DEBUG -- : response-header: connection => keep-alive
D, [2016-02-22T14:55:05.545750 #51948] DEBUG -- : Read 540 bytes (540 total)
D, [2016-02-22T14:55:05.545789 #51948] DEBUG -- : Read 3013 bytes (3553 total)
D, [2016-02-22T14:55:05.595781 #51948] DEBUG -- : Read 1368 bytes (4921 total)
D, [2016-02-22T14:55:05.596127 #51948] DEBUG -- : Read 2939 bytes (7860 total)
D, [2016-02-22T14:55:05.597025 #51948] DEBUG -- : Read 4344 bytes (12204 total)
D, [2016-02-22T14:55:05.633877 #51948] DEBUG -- : Read 1368 bytes (13572 total)
D, [2016-02-22T14:55:05.634179 #51948] DEBUG -- : Read 2976 bytes (16548 total)
D, [2016-02-22T14:55:05.635120 #51948] DEBUG -- : Read 2006 bytes (18554 total)
D, [2016-02-22T14:55:05.635363 #51948] DEBUG -- : gzip response
D, [2016-02-22T14:55:05.643180 #51948] DEBUG -- : saved cookie: PHPSESSID=ufmq8rgeagr9gtn57oo9ihnov6
D, [2016-02-22T14:55:05.671700 #51948] DEBUG -- : saved cookie: promo=deleted
D, [2016-02-22T14:55:05.671909 #51948] DEBUG -- : saved cookie: promo=47181
D, [2016-02-22T14:55:05.672073 #51948] DEBUG -- : saved cookie: historical_promo_codes=deleted
D, [2016-02-22T14:55:05.672391 #51948] DEBUG -- : saved cookie: historical_promo_codes=47181
I, [2016-02-22T14:55:05.707030 #51948]  INFO -- : form encoding: utf-8
D, [2016-02-22T14:55:05.707227 #51948] DEBUG -- : query: "zip=76621&action=redirect"
I, [2016-02-22T14:55:05.709189 #51948]  INFO -- : Net::HTTP::Post: /conf/HSIData.php
D, [2016-02-22T14:55:05.709245 #51948] DEBUG -- : request-header: accept-encoding => gzip,deflate,identity
D, [2016-02-22T14:55:05.709266 #51948] DEBUG -- : request-header: accept => */*
D, [2016-02-22T14:55:05.709284 #51948] DEBUG -- : request-header: user-agent => Mechanize/2.7.4 Ruby/2.1.1p76 (http://github.com/sparklemotion/mechanize/)
D, [2016-02-22T14:55:05.709301 #51948] DEBUG -- : request-header: accept-charset => ISO-8859-1,utf-8;q=0.7,*;q=0.7
D, [2016-02-22T14:55:05.709333 #51948] DEBUG -- : request-header: accept-language => en-us,en;q=0.5
D, [2016-02-22T14:55:05.709351 #51948] DEBUG -- : request-header: cookie => PHPSESSID=ufmq8rgeagr9gtn57oo9ihnov6; historical_promo_codes=47181; promo=47181
D, [2016-02-22T14:55:05.709367 #51948] DEBUG -- : request-header: host => www.highspeedinternet.com
D, [2016-02-22T14:55:05.709389 #51948] DEBUG -- : request-header: referer => http://www.highspeedinternet.com/
D, [2016-02-22T14:55:05.709405 #51948] DEBUG -- : request-header: content-type => application/x-www-form-urlencoded
D, [2016-02-22T14:55:05.709420 #51948] DEBUG -- : request-header: content-length => 25
I, [2016-02-22T14:55:05.860239 #51948]  INFO -- : status: Net::HTTPFound 1.1 302 Found
D, [2016-02-22T14:55:05.860306 #51948] DEBUG -- : response-header: server => Apache/2.2.15 (Red Hat)
D, [2016-02-22T14:55:05.860330 #51948] DEBUG -- : response-header: x-powered-by => PHP/5.3.3
D, [2016-02-22T14:55:05.860367 #51948] DEBUG -- : response-header: location => http://www.highspeedinternet.com/tx/abbott?zip=76621
D, [2016-02-22T14:55:05.860385 #51948] DEBUG -- : response-header: vary => Accept-Encoding,User-Agent
D, [2016-02-22T14:55:05.860402 #51948] DEBUG -- : response-header: content-encoding => gzip
D, [2016-02-22T14:55:05.860418 #51948] DEBUG -- : response-header: content-type => text/html; charset=UTF-8
D, [2016-02-22T14:55:05.860434 #51948] DEBUG -- : response-header: content-length => 20
D, [2016-02-22T14:55:05.860450 #51948] DEBUG -- : response-header: date => Mon, 22 Feb 2016 20:57:42 GMT
D, [2016-02-22T14:55:05.860466 #51948] DEBUG -- : response-header: x-varnish => 930694641
D, [2016-02-22T14:55:05.860482 #51948] DEBUG -- : response-header: age => 0
D, [2016-02-22T14:55:05.860497 #51948] DEBUG -- : response-header: via => 1.1 varnish
D, [2016-02-22T14:55:05.860534 #51948] DEBUG -- : response-header: connection => keep-alive
D, [2016-02-22T14:55:05.860599 #51948] DEBUG -- : Read 20 bytes (20 total)
D, [2016-02-22T14:55:05.860694 #51948] DEBUG -- : gzip response
I, [2016-02-22T14:55:05.860910 #51948]  INFO -- : follow redirect to: http://www.highspeedinternet.com/tx/abbott?zip=76621
I, [2016-02-22T14:55:05.861870 #51948]  INFO -- : Net::HTTP::Get: /tx/abbott?zip=76621
D, [2016-02-22T14:55:05.861905 #51948] DEBUG -- : request-header: accept-encoding => gzip,deflate,identity
D, [2016-02-22T14:55:05.861955 #51948] DEBUG -- : request-header: accept => */*
D, [2016-02-22T14:55:05.862002 #51948] DEBUG -- : request-header: user-agent => Mechanize/2.7.4 Ruby/2.1.1p76 (http://github.com/sparklemotion/mechanize/)
D, [2016-02-22T14:55:05.862035 #51948] DEBUG -- : request-header: accept-charset => ISO-8859-1,utf-8;q=0.7,*;q=0.7
D, [2016-02-22T14:55:05.862078 #51948] DEBUG -- : request-header: accept-language => en-us,en;q=0.5
D, [2016-02-22T14:55:05.862110 #51948] DEBUG -- : request-header: cookie => PHPSESSID=ufmq8rgeagr9gtn57oo9ihnov6; historical_promo_codes=47181; promo=47181
D, [2016-02-22T14:55:05.862130 #51948] DEBUG -- : request-header: host => www.highspeedinternet.com
D, [2016-02-22T14:55:05.862153 #51948] DEBUG -- : request-header: referer => http://www.highspeedinternet.com/
I, [2016-02-22T14:55:06.402042 #51948]  INFO -- : status: Net::HTTPOK 1.1 200 OK
D, [2016-02-22T14:55:06.402113 #51948] DEBUG -- : response-header: server => Apache/2.2.15 (Red Hat)
D, [2016-02-22T14:55:06.402136 #51948] DEBUG -- : response-header: x-powered-by => PHP/5.3.3
D, [2016-02-22T14:55:06.402154 #51948] DEBUG -- : response-header: expires => Thu, 19 Nov 1981 08:52:00 GMT
D, [2016-02-22T14:55:06.402210 #51948] DEBUG -- : response-header: cache-control => no-store, no-cache, must-revalidate, post-check=0, pre-check=0
D, [2016-02-22T14:55:06.402227 #51948] DEBUG -- : response-header: pragma => no-cache
D, [2016-02-22T14:55:06.402243 #51948] DEBUG -- : response-header: vary => Accept-Encoding,User-Agent
D, [2016-02-22T14:55:06.402259 #51948] DEBUG -- : response-header: content-encoding => gzip
D, [2016-02-22T14:55:06.402274 #51948] DEBUG -- : response-header: content-type => text/html; charset=UTF-8
D, [2016-02-22T14:55:06.402290 #51948] DEBUG -- : response-header: content-length => 20326
D, [2016-02-22T14:55:06.402305 #51948] DEBUG -- : response-header: date => Mon, 22 Feb 2016 20:57:42 GMT
D, [2016-02-22T14:55:06.402321 #51948] DEBUG -- : response-header: x-varnish => 930694643
D, [2016-02-22T14:55:06.402336 #51948] DEBUG -- : response-header: age => 0
D, [2016-02-22T14:55:06.402351 #51948] DEBUG -- : response-header: via => 1.1 varnish
D, [2016-02-22T14:55:06.402366 #51948] DEBUG -- : response-header: connection => keep-alive
D, [2016-02-22T14:55:06.402451 #51948] DEBUG -- : Read 924 bytes (924 total)
D, [2016-02-22T14:55:06.402520 #51948] DEBUG -- : Read 16384 bytes (17308 total)
D, [2016-02-22T14:55:06.402553 #51948] DEBUG -- : Read 3018 bytes (20326 total)
D, [2016-02-22T14:55:06.402627 #51948] DEBUG -- : gzip response
I, [2016-02-22T14:57:37.169480 #51965]  INFO -- : Net::HTTP::Get: /
D, [2016-02-22T14:57:37.177686 #51965] DEBUG -- : request-header: accept-encoding => gzip,deflate,identity
D, [2016-02-22T14:57:37.177809 #51965] DEBUG -- : request-header: accept => */*
D, [2016-02-22T14:57:37.177849 #51965] DEBUG -- : request-header: user-agent => Mechanize/2.7.4 Ruby/2.1.1p76 (http://github.com/sparklemotion/mechanize/)
D, [2016-02-22T14:57:37.177881 #51965] DEBUG -- : request-header: accept-charset => ISO-8859-1,utf-8;q=0.7,*;q=0.7
D, [2016-02-22T14:57:37.177914 #51965] DEBUG -- : request-header: accept-language => en-us,en;q=0.5
D, [2016-02-22T14:57:37.177936 #51965] DEBUG -- : request-header: host => www.highspeedinternet.com
I, [2016-02-22T14:57:38.325059 #51965]  INFO -- : status: Net::HTTPOK 1.1 200 OK
D, [2016-02-22T14:57:38.325153 #51965] DEBUG -- : response-header: server => Apache/2.2.15 (Red Hat)
D, [2016-02-22T14:57:38.325221 #51965] DEBUG -- : response-header: x-powered-by => PHP/5.3.3
D, [2016-02-22T14:57:38.325252 #51965] DEBUG -- : response-header: set-cookie => PHPSESSID=76kvss6n0brfb4us2i3c451rd6; path=/, promo=deleted; expires=Sun, 22-Feb-2015 21:00:35 GMT; path=/, promo=47181; expires=Tue, 21-Feb-2017 21:00:36 GMT; path=/, historical_promo_codes=deleted; expires=Sun, 22-Feb-2015 21:00:35 GMT; path=/, historical_promo_codes=47181; expires=Tue, 21-Feb-2017 21:00:36 GMT; path=/
D, [2016-02-22T14:57:38.325274 #51965] DEBUG -- : response-header: expires => Thu, 19 Nov 1981 08:52:00 GMT
D, [2016-02-22T14:57:38.325318 #51965] DEBUG -- : response-header: cache-control => no-store, no-cache, must-revalidate, post-check=0, pre-check=0
D, [2016-02-22T14:57:38.325359 #51965] DEBUG -- : response-header: pragma => no-cache
D, [2016-02-22T14:57:38.325391 #51965] DEBUG -- : response-header: vary => Accept-Encoding,User-Agent
D, [2016-02-22T14:57:38.325467 #51965] DEBUG -- : response-header: content-encoding => gzip
D, [2016-02-22T14:57:38.325533 #51965] DEBUG -- : response-header: content-type => text/html; charset=UTF-8
D, [2016-02-22T14:57:38.325557 #51965] DEBUG -- : response-header: content-length => 18554
D, [2016-02-22T14:57:38.325578 #51965] DEBUG -- : response-header: date => Mon, 22 Feb 2016 21:00:36 GMT
D, [2016-02-22T14:57:38.325597 #51965] DEBUG -- : response-header: x-varnish => 1335112664
D, [2016-02-22T14:57:38.325615 #51965] DEBUG -- : response-header: age => 0
D, [2016-02-22T14:57:38.325676 #51965] DEBUG -- : response-header: via => 1.1 varnish
D, [2016-02-22T14:57:38.325744 #51965] DEBUG -- : response-header: connection => keep-alive
D, [2016-02-22T14:57:38.325900 #51965] DEBUG -- : Read 539 bytes (539 total)
D, [2016-02-22T14:57:38.326021 #51965] DEBUG -- : Read 13112 bytes (13651 total)
D, [2016-02-22T14:57:38.326074 #51965] DEBUG -- : Read 1448 bytes (15099 total)
D, [2016-02-22T14:57:38.326255 #51965] DEBUG -- : Read 3455 bytes (18554 total)
D, [2016-02-22T14:57:38.326458 #51965] DEBUG -- : gzip response
D, [2016-02-22T14:57:38.357198 #51965] DEBUG -- : saved cookie: PHPSESSID=76kvss6n0brfb4us2i3c451rd6
D, [2016-02-22T14:57:38.367813 #51965] DEBUG -- : saved cookie: promo=deleted
D, [2016-02-22T14:57:38.368041 #51965] DEBUG -- : saved cookie: promo=47181
D, [2016-02-22T14:57:38.368207 #51965] DEBUG -- : saved cookie: historical_promo_codes=deleted
D, [2016-02-22T14:57:38.368363 #51965] DEBUG -- : saved cookie: historical_promo_codes=47181
I, [2016-02-22T14:57:38.392334 #51965]  INFO -- : form encoding: utf-8
D, [2016-02-22T14:57:38.392511 #51965] DEBUG -- : query: "zip=76621&action=redirect"
I, [2016-02-22T14:57:38.394079 #51965]  INFO -- : Net::HTTP::Post: /conf/HSIData.php
D, [2016-02-22T14:57:38.394119 #51965] DEBUG -- : request-header: accept-encoding => gzip,deflate,identity
D, [2016-02-22T14:57:38.394140 #51965] DEBUG -- : request-header: accept => */*
D, [2016-02-22T14:57:38.394159 #51965] DEBUG -- : request-header: user-agent => Mechanize/2.7.4 Ruby/2.1.1p76 (http://github.com/sparklemotion/mechanize/)
D, [2016-02-22T14:57:38.394176 #51965] DEBUG -- : request-header: accept-charset => ISO-8859-1,utf-8;q=0.7,*;q=0.7
D, [2016-02-22T14:57:38.394193 #51965] DEBUG -- : request-header: accept-language => en-us,en;q=0.5
D, [2016-02-22T14:57:38.394209 #51965] DEBUG -- : request-header: cookie => PHPSESSID=76kvss6n0brfb4us2i3c451rd6; historical_promo_codes=47181; promo=47181
D, [2016-02-22T14:57:38.394226 #51965] DEBUG -- : request-header: host => www.highspeedinternet.com
D, [2016-02-22T14:57:38.394263 #51965] DEBUG -- : request-header: referer => http://www.highspeedinternet.com/
D, [2016-02-22T14:57:38.394281 #51965] DEBUG -- : request-header: content-type => application/x-www-form-urlencoded
D, [2016-02-22T14:57:38.394297 #51965] DEBUG -- : request-header: content-length => 25
I, [2016-02-22T14:57:38.481040 #51965]  INFO -- : status: Net::HTTPFound 1.1 302 Found
D, [2016-02-22T14:57:38.481152 #51965] DEBUG -- : response-header: server => Apache/2.2.15 (Red Hat)
D, [2016-02-22T14:57:38.481190 #51965] DEBUG -- : response-header: x-powered-by => PHP/5.3.3
D, [2016-02-22T14:57:38.481224 #51965] DEBUG -- : response-header: location => http://www.highspeedinternet.com/tx/abbott?zip=76621
D, [2016-02-22T14:57:38.481259 #51965] DEBUG -- : response-header: vary => Accept-Encoding,User-Agent
D, [2016-02-22T14:57:38.481277 #51965] DEBUG -- : response-header: content-encoding => gzip
D, [2016-02-22T14:57:38.481293 #51965] DEBUG -- : response-header: content-type => text/html; charset=UTF-8
D, [2016-02-22T14:57:38.481335 #51965] DEBUG -- : response-header: content-length => 20
D, [2016-02-22T14:57:38.481353 #51965] DEBUG -- : response-header: date => Mon, 22 Feb 2016 21:00:36 GMT
D, [2016-02-22T14:57:38.481368 #51965] DEBUG -- : response-header: x-varnish => 1335112672
D, [2016-02-22T14:57:38.481384 #51965] DEBUG -- : response-header: age => 0
D, [2016-02-22T14:57:38.481411 #51965] DEBUG -- : response-header: via => 1.1 varnish
D, [2016-02-22T14:57:38.481428 #51965] DEBUG -- : response-header: connection => keep-alive
D, [2016-02-22T14:57:38.481492 #51965] DEBUG -- : Read 20 bytes (20 total)
D, [2016-02-22T14:57:38.481597 #51965] DEBUG -- : gzip response
I, [2016-02-22T14:57:38.482059 #51965]  INFO -- : follow redirect to: http://www.highspeedinternet.com/tx/abbott?zip=76621
I, [2016-02-22T14:57:38.483503 #51965]  INFO -- : Net::HTTP::Get: /tx/abbott?zip=76621
D, [2016-02-22T14:57:38.483555 #51965] DEBUG -- : request-header: accept-encoding => gzip,deflate,identity
D, [2016-02-22T14:57:38.483594 #51965] DEBUG -- : request-header: accept => */*
D, [2016-02-22T14:57:38.483613 #51965] DEBUG -- : request-header: user-agent => Mechanize/2.7.4 Ruby/2.1.1p76 (http://github.com/sparklemotion/mechanize/)
D, [2016-02-22T14:57:38.483631 #51965] DEBUG -- : request-header: accept-charset => ISO-8859-1,utf-8;q=0.7,*;q=0.7
D, [2016-02-22T14:57:38.483648 #51965] DEBUG -- : request-header: accept-language => en-us,en;q=0.5
D, [2016-02-22T14:57:38.483665 #51965] DEBUG -- : request-header: cookie => PHPSESSID=76kvss6n0brfb4us2i3c451rd6; historical_promo_codes=47181; promo=47181
D, [2016-02-22T14:57:38.483682 #51965] DEBUG -- : request-header: host => www.highspeedinternet.com
D, [2016-02-22T14:57:38.483705 #51965] DEBUG -- : request-header: referer => http://www.highspeedinternet.com/
I, [2016-02-22T14:57:39.361490 #51965]  INFO -- : status: Net::HTTPOK 1.1 200 OK
D, [2016-02-22T14:57:39.361563 #51965] DEBUG -- : response-header: server => Apache/2.2.15 (Red Hat)
D, [2016-02-22T14:57:39.361586 #51965] DEBUG -- : response-header: x-powered-by => PHP/5.3.3
D, [2016-02-22T14:57:39.361605 #51965] DEBUG -- : response-header: expires => Thu, 19 Nov 1981 08:52:00 GMT
D, [2016-02-22T14:57:39.361622 #51965] DEBUG -- : response-header: cache-control => no-store, no-cache, must-revalidate, post-check=0, pre-check=0
D, [2016-02-22T14:57:39.361639 #51965] DEBUG -- : response-header: pragma => no-cache
D, [2016-02-22T14:57:39.361663 #51965] DEBUG -- : response-header: vary => Accept-Encoding,User-Agent
D, [2016-02-22T14:57:39.361680 #51965] DEBUG -- : response-header: content-encoding => gzip
D, [2016-02-22T14:57:39.361696 #51965] DEBUG -- : response-header: content-type => text/html; charset=UTF-8
D, [2016-02-22T14:57:39.361712 #51965] DEBUG -- : response-header: content-length => 20326
D, [2016-02-22T14:57:39.361727 #51965] DEBUG -- : response-header: date => Mon, 22 Feb 2016 21:00:37 GMT
D, [2016-02-22T14:57:39.361778 #51965] DEBUG -- : response-header: x-varnish => 1335112673
D, [2016-02-22T14:57:39.361794 #51965] DEBUG -- : response-header: age => 0
D, [2016-02-22T14:57:39.361812 #51965] DEBUG -- : response-header: via => 1.1 varnish
D, [2016-02-22T14:57:39.361828 #51965] DEBUG -- : response-header: connection => keep-alive
D, [2016-02-22T14:57:39.361884 #51965] DEBUG -- : Read 923 bytes (923 total)
D, [2016-02-22T14:57:39.361943 #51965] DEBUG -- : Read 16384 bytes (17307 total)
D, [2016-02-22T14:57:39.361974 #51965] DEBUG -- : Read 3019 bytes (20326 total)
D, [2016-02-22T14:57:39.362087 #51965] DEBUG -- : gzip response
I, [2016-02-22T15:05:17.608660 #51998]  INFO -- : Net::HTTP::Get: /
D, [2016-02-22T15:05:17.608743 #51998] DEBUG -- : request-header: accept-encoding => gzip,deflate,identity
D, [2016-02-22T15:05:17.608767 #51998] DEBUG -- : request-header: accept => */*
D, [2016-02-22T15:05:17.608786 #51998] DEBUG -- : request-header: user-agent => Mechanize/2.7.4 Ruby/2.1.1p76 (http://github.com/sparklemotion/mechanize/)
D, [2016-02-22T15:05:17.608816 #51998] DEBUG -- : request-header: accept-charset => ISO-8859-1,utf-8;q=0.7,*;q=0.7
D, [2016-02-22T15:05:17.608848 #51998] DEBUG -- : request-header: accept-language => en-us,en;q=0.5
D, [2016-02-22T15:05:17.608888 #51998] DEBUG -- : request-header: host => www.highspeedinternet.com
I, [2016-02-22T15:05:18.812913 #51998]  INFO -- : status: Net::HTTPOK 1.1 200 OK
D, [2016-02-22T15:05:18.812997 #51998] DEBUG -- : response-header: server => Apache/2.2.15 (Red Hat)
D, [2016-02-22T15:05:18.813094 #51998] DEBUG -- : response-header: x-powered-by => PHP/5.3.3
D, [2016-02-22T15:05:18.813151 #51998] DEBUG -- : response-header: set-cookie => PHPSESSID=c3rbdr5a3qv03p4ahrjef6gbc7; path=/, promo=deleted; expires=Sun, 22-Feb-2015 21:09:16 GMT; path=/, promo=47181; expires=Tue, 21-Feb-2017 21:09:17 GMT; path=/, historical_promo_codes=deleted; expires=Sun, 22-Feb-2015 21:09:16 GMT; path=/, historical_promo_codes=47181; expires=Tue, 21-Feb-2017 21:09:17 GMT; path=/
D, [2016-02-22T15:05:18.813197 #51998] DEBUG -- : response-header: expires => Thu, 19 Nov 1981 08:52:00 GMT
D, [2016-02-22T15:05:18.813226 #51998] DEBUG -- : response-header: cache-control => no-store, no-cache, must-revalidate, post-check=0, pre-check=0
D, [2016-02-22T15:05:18.813248 #51998] DEBUG -- : response-header: pragma => no-cache
D, [2016-02-22T15:05:18.813287 #51998] DEBUG -- : response-header: vary => Accept-Encoding,User-Agent
D, [2016-02-22T15:05:18.813307 #51998] DEBUG -- : response-header: content-encoding => gzip
D, [2016-02-22T15:05:18.813325 #51998] DEBUG -- : response-header: content-type => text/html; charset=UTF-8
D, [2016-02-22T15:05:18.813343 #51998] DEBUG -- : response-header: content-length => 18553
D, [2016-02-22T15:05:18.813361 #51998] DEBUG -- : response-header: date => Mon, 22 Feb 2016 21:09:17 GMT
D, [2016-02-22T15:05:18.813379 #51998] DEBUG -- : response-header: x-varnish => 1288680812
D, [2016-02-22T15:05:18.813399 #51998] DEBUG -- : response-header: age => 0
D, [2016-02-22T15:05:18.813416 #51998] DEBUG -- : response-header: via => 1.1 varnish
D, [2016-02-22T15:05:18.813487 #51998] DEBUG -- : response-header: connection => keep-alive
D, [2016-02-22T15:05:18.813589 #51998] DEBUG -- : Read 539 bytes (539 total)
D, [2016-02-22T15:05:18.813635 #51998] DEBUG -- : Read 3013 bytes (3552 total)
D, [2016-02-22T15:05:18.852881 #51998] DEBUG -- : Read 1368 bytes (4920 total)
D, [2016-02-22T15:05:18.853067 #51998] DEBUG -- : Read 2939 bytes (7859 total)
D, [2016-02-22T15:05:18.853376 #51998] DEBUG -- : Read 1448 bytes (9307 total)
D, [2016-02-22T15:05:18.853823 #51998] DEBUG -- : Read 2896 bytes (12203 total)
D, [2016-02-22T15:05:18.899196 #51998] DEBUG -- : Read 1368 bytes (13571 total)
D, [2016-02-22T15:05:18.899469 #51998] DEBUG -- : Read 1528 bytes (15099 total)
D, [2016-02-22T15:05:18.900452 #51998] DEBUG -- : Read 3454 bytes (18553 total)
D, [2016-02-22T15:05:18.900674 #51998] DEBUG -- : gzip response
D, [2016-02-22T15:05:18.930110 #51998] DEBUG -- : saved cookie: PHPSESSID=c3rbdr5a3qv03p4ahrjef6gbc7
D, [2016-02-22T15:05:18.930689 #51998] DEBUG -- : saved cookie: promo=deleted
D, [2016-02-22T15:05:18.930862 #51998] DEBUG -- : saved cookie: promo=47181
D, [2016-02-22T15:05:18.931029 #51998] DEBUG -- : saved cookie: historical_promo_codes=deleted
D, [2016-02-22T15:05:18.931189 #51998] DEBUG -- : saved cookie: historical_promo_codes=47181
I, [2016-02-22T15:05:18.938483 #51998]  INFO -- : form encoding: utf-8
D, [2016-02-22T15:05:18.938649 #51998] DEBUG -- : query: "zip=76621&action=redirect"
I, [2016-02-22T15:05:18.940215 #51998]  INFO -- : Net::HTTP::Post: /conf/HSIData.php
D, [2016-02-22T15:05:18.940252 #51998] DEBUG -- : request-header: accept-encoding => gzip,deflate,identity
D, [2016-02-22T15:05:18.940273 #51998] DEBUG -- : request-header: accept => */*
D, [2016-02-22T15:05:18.940295 #51998] DEBUG -- : request-header: user-agent => Mechanize/2.7.4 Ruby/2.1.1p76 (http://github.com/sparklemotion/mechanize/)
D, [2016-02-22T15:05:18.940324 #51998] DEBUG -- : request-header: accept-charset => ISO-8859-1,utf-8;q=0.7,*;q=0.7
D, [2016-02-22T15:05:18.940341 #51998] DEBUG -- : request-header: accept-language => en-us,en;q=0.5
D, [2016-02-22T15:05:18.940357 #51998] DEBUG -- : request-header: cookie => PHPSESSID=c3rbdr5a3qv03p4ahrjef6gbc7; historical_promo_codes=47181; promo=47181
D, [2016-02-22T15:05:18.940373 #51998] DEBUG -- : request-header: host => www.highspeedinternet.com
D, [2016-02-22T15:05:18.940394 #51998] DEBUG -- : request-header: referer => http://www.highspeedinternet.com/
D, [2016-02-22T15:05:18.940443 #51998] DEBUG -- : request-header: content-type => application/x-www-form-urlencoded
D, [2016-02-22T15:05:18.940462 #51998] DEBUG -- : request-header: content-length => 25
I, [2016-02-22T15:05:19.109493 #51998]  INFO -- : status: Net::HTTPFound 1.1 302 Found
D, [2016-02-22T15:05:19.109571 #51998] DEBUG -- : response-header: server => Apache/2.2.15 (Red Hat)
D, [2016-02-22T15:05:19.109624 #51998] DEBUG -- : response-header: x-powered-by => PHP/5.3.3
D, [2016-02-22T15:05:19.109648 #51998] DEBUG -- : response-header: location => http://www.highspeedinternet.com/tx/abbott?zip=76621
D, [2016-02-22T15:05:19.109669 #51998] DEBUG -- : response-header: vary => Accept-Encoding,User-Agent
D, [2016-02-22T15:05:19.109690 #51998] DEBUG -- : response-header: content-encoding => gzip
D, [2016-02-22T15:05:19.109710 #51998] DEBUG -- : response-header: content-type => text/html; charset=UTF-8
D, [2016-02-22T15:05:19.109729 #51998] DEBUG -- : response-header: content-length => 20
D, [2016-02-22T15:05:19.109749 #51998] DEBUG -- : response-header: date => Mon, 22 Feb 2016 21:09:17 GMT
D, [2016-02-22T15:05:19.109768 #51998] DEBUG -- : response-header: x-varnish => 1288680815
D, [2016-02-22T15:05:19.109787 #51998] DEBUG -- : response-header: age => 0
D, [2016-02-22T15:05:19.109831 #51998] DEBUG -- : response-header: via => 1.1 varnish
D, [2016-02-22T15:05:19.109850 #51998] DEBUG -- : response-header: connection => keep-alive
D, [2016-02-22T15:05:19.109918 #51998] DEBUG -- : Read 20 bytes (20 total)
D, [2016-02-22T15:05:19.110029 #51998] DEBUG -- : gzip response
I, [2016-02-22T15:05:19.110267 #51998]  INFO -- : follow redirect to: http://www.highspeedinternet.com/tx/abbott?zip=76621
I, [2016-02-22T15:05:19.111242 #51998]  INFO -- : Net::HTTP::Get: /tx/abbott?zip=76621
D, [2016-02-22T15:05:19.111281 #51998] DEBUG -- : request-header: accept-encoding => gzip,deflate,identity
D, [2016-02-22T15:05:19.111305 #51998] DEBUG -- : request-header: accept => */*
D, [2016-02-22T15:05:19.111329 #51998] DEBUG -- : request-header: user-agent => Mechanize/2.7.4 Ruby/2.1.1p76 (http://github.com/sparklemotion/mechanize/)
D, [2016-02-22T15:05:19.111347 #51998] DEBUG -- : request-header: accept-charset => ISO-8859-1,utf-8;q=0.7,*;q=0.7
D, [2016-02-22T15:05:19.111374 #51998] DEBUG -- : request-header: accept-language => en-us,en;q=0.5
D, [2016-02-22T15:05:19.111390 #51998] DEBUG -- : request-header: cookie => PHPSESSID=c3rbdr5a3qv03p4ahrjef6gbc7; historical_promo_codes=47181; promo=47181
D, [2016-02-22T15:05:19.111407 #51998] DEBUG -- : request-header: host => www.highspeedinternet.com
D, [2016-02-22T15:05:19.111441 #51998] DEBUG -- : request-header: referer => http://www.highspeedinternet.com/
I, [2016-02-22T15:05:20.055817 #51998]  INFO -- : status: Net::HTTPOK 1.1 200 OK
D, [2016-02-22T15:05:20.055888 #51998] DEBUG -- : response-header: server => Apache/2.2.15 (Red Hat)
D, [2016-02-22T15:05:20.055911 #51998] DEBUG -- : response-header: x-powered-by => PHP/5.3.3
D, [2016-02-22T15:05:20.055929 #51998] DEBUG -- : response-header: expires => Thu, 19 Nov 1981 08:52:00 GMT
D, [2016-02-22T15:05:20.055946 #51998] DEBUG -- : response-header: cache-control => no-store, no-cache, must-revalidate, post-check=0, pre-check=0
D, [2016-02-22T15:05:20.055963 #51998] DEBUG -- : response-header: pragma => no-cache
D, [2016-02-22T15:05:20.055979 #51998] DEBUG -- : response-header: vary => Accept-Encoding,User-Agent
D, [2016-02-22T15:05:20.055995 #51998] DEBUG -- : response-header: content-encoding => gzip
D, [2016-02-22T15:05:20.056011 #51998] DEBUG -- : response-header: content-type => text/html; charset=UTF-8
D, [2016-02-22T15:05:20.056026 #51998] DEBUG -- : response-header: content-length => 20331
D, [2016-02-22T15:05:20.056042 #51998] DEBUG -- : response-header: date => Mon, 22 Feb 2016 21:09:18 GMT
D, [2016-02-22T15:05:20.056094 #51998] DEBUG -- : response-header: x-varnish => 1288680816
D, [2016-02-22T15:05:20.056110 #51998] DEBUG -- : response-header: age => 0
D, [2016-02-22T15:05:20.056125 #51998] DEBUG -- : response-header: via => 1.1 varnish
D, [2016-02-22T15:05:20.056159 #51998] DEBUG -- : response-header: connection => keep-alive
D, [2016-02-22T15:05:20.056212 #51998] DEBUG -- : Read 923 bytes (923 total)
D, [2016-02-22T15:05:20.056295 #51998] DEBUG -- : Read 16384 bytes (17307 total)
D, [2016-02-22T15:05:20.056328 #51998] DEBUG -- : Read 3024 bytes (20331 total)
D, [2016-02-22T15:05:20.056438 #51998] DEBUG -- : gzip response
I, [2016-02-22T15:05:52.347098 #52009]  INFO -- : Net::HTTP::Get: /
D, [2016-02-22T15:05:52.352683 #52009] DEBUG -- : request-header: accept-encoding => gzip,deflate,identity
D, [2016-02-22T15:05:52.352770 #52009] DEBUG -- : request-header: accept => */*
D, [2016-02-22T15:05:52.352798 #52009] DEBUG -- : request-header: user-agent => Mechanize/2.7.4 Ruby/2.1.1p76 (http://github.com/sparklemotion/mechanize/)
D, [2016-02-22T15:05:52.352819 #52009] DEBUG -- : request-header: accept-charset => ISO-8859-1,utf-8;q=0.7,*;q=0.7
D, [2016-02-22T15:05:52.352849 #52009] DEBUG -- : request-header: accept-language => en-us,en;q=0.5
D, [2016-02-22T15:05:52.352865 #52009] DEBUG -- : request-header: host => www.highspeedinternet.com
I, [2016-02-22T15:05:53.117282 #52009]  INFO -- : status: Net::HTTPOK 1.1 200 OK
D, [2016-02-22T15:05:53.117355 #52009] DEBUG -- : response-header: server => Apache/2.2.15 (Red Hat)
D, [2016-02-22T15:05:53.117394 #52009] DEBUG -- : response-header: x-powered-by => PHP/5.3.3
D, [2016-02-22T15:05:53.117413 #52009] DEBUG -- : response-header: set-cookie => PHPSESSID=1qb14ck01pjj78et7inv368a33; path=/, promo=deleted; expires=Sun, 22-Feb-2015 21:11:09 GMT; path=/, promo=47181; expires=Tue, 21-Feb-2017 21:11:10 GMT; path=/, historical_promo_codes=deleted; expires=Sun, 22-Feb-2015 21:11:09 GMT; path=/, historical_promo_codes=47181; expires=Tue, 21-Feb-2017 21:11:10 GMT; path=/
D, [2016-02-22T15:05:53.117431 #52009] DEBUG -- : response-header: expires => Thu, 19 Nov 1981 08:52:00 GMT
D, [2016-02-22T15:05:53.117448 #52009] DEBUG -- : response-header: cache-control => no-store, no-cache, must-revalidate, post-check=0, pre-check=0
D, [2016-02-22T15:05:53.117464 #52009] DEBUG -- : response-header: pragma => no-cache
D, [2016-02-22T15:05:53.117520 #52009] DEBUG -- : response-header: vary => Accept-Encoding,User-Agent
D, [2016-02-22T15:05:53.117538 #52009] DEBUG -- : response-header: content-encoding => gzip
D, [2016-02-22T15:05:53.117556 #52009] DEBUG -- : response-header: content-type => text/html; charset=UTF-8
D, [2016-02-22T15:05:53.117573 #52009] DEBUG -- : response-header: content-length => 18553
D, [2016-02-22T15:05:53.117590 #52009] DEBUG -- : response-header: date => Mon, 22 Feb 2016 21:11:11 GMT
D, [2016-02-22T15:05:53.117607 #52009] DEBUG -- : response-header: x-varnish => 1780131507
D, [2016-02-22T15:05:53.117633 #52009] DEBUG -- : response-header: age => 0
D, [2016-02-22T15:05:53.117649 #52009] DEBUG -- : response-header: via => 1.1 varnish
D, [2016-02-22T15:05:53.117664 #52009] DEBUG -- : response-header: connection => keep-alive
D, [2016-02-22T15:05:53.117769 #52009] DEBUG -- : Read 3435 bytes (3435 total)
D, [2016-02-22T15:05:53.117804 #52009] DEBUG -- : Read 117 bytes (3552 total)
D, [2016-02-22T15:05:53.154484 #52009] DEBUG -- : Read 1368 bytes (4920 total)
D, [2016-02-22T15:05:53.155227 #52009] DEBUG -- : Read 5835 bytes (10755 total)
D, [2016-02-22T15:05:53.155402 #52009] DEBUG -- : Read 1448 bytes (12203 total)
D, [2016-02-22T15:05:53.193923 #52009] DEBUG -- : Read 1368 bytes (13571 total)
D, [2016-02-22T15:05:53.195119 #52009] DEBUG -- : Read 4982 bytes (18553 total)
D, [2016-02-22T15:05:53.195345 #52009] DEBUG -- : gzip response
D, [2016-02-22T15:05:53.201640 #52009] DEBUG -- : saved cookie: PHPSESSID=1qb14ck01pjj78et7inv368a33
D, [2016-02-22T15:05:53.202215 #52009] DEBUG -- : saved cookie: promo=deleted
D, [2016-02-22T15:05:53.202401 #52009] DEBUG -- : saved cookie: promo=47181
D, [2016-02-22T15:05:53.202564 #52009] DEBUG -- : saved cookie: historical_promo_codes=deleted
D, [2016-02-22T15:05:53.202727 #52009] DEBUG -- : saved cookie: historical_promo_codes=47181
I, [2016-02-22T15:05:53.210042 #52009]  INFO -- : form encoding: utf-8
D, [2016-02-22T15:05:53.210215 #52009] DEBUG -- : query: "zip=76621&action=redirect"
I, [2016-02-22T15:05:53.211894 #52009]  INFO -- : Net::HTTP::Post: /conf/HSIData.php
D, [2016-02-22T15:05:53.211946 #52009] DEBUG -- : request-header: accept-encoding => gzip,deflate,identity
D, [2016-02-22T15:05:53.211970 #52009] DEBUG -- : request-header: accept => */*
D, [2016-02-22T15:05:53.211990 #52009] DEBUG -- : request-header: user-agent => Mechanize/2.7.4 Ruby/2.1.1p76 (http://github.com/sparklemotion/mechanize/)
D, [2016-02-22T15:05:53.212010 #52009] DEBUG -- : request-header: accept-charset => ISO-8859-1,utf-8;q=0.7,*;q=0.7
D, [2016-02-22T15:05:53.212029 #52009] DEBUG -- : request-header: accept-language => en-us,en;q=0.5
D, [2016-02-22T15:05:53.212047 #52009] DEBUG -- : request-header: cookie => PHPSESSID=1qb14ck01pjj78et7inv368a33; historical_promo_codes=47181; promo=47181
D, [2016-02-22T15:05:53.212065 #52009] DEBUG -- : request-header: host => www.highspeedinternet.com
D, [2016-02-22T15:05:53.212101 #52009] DEBUG -- : request-header: referer => http://www.highspeedinternet.com/
D, [2016-02-22T15:05:53.212120 #52009] DEBUG -- : request-header: content-type => application/x-www-form-urlencoded
D, [2016-02-22T15:05:53.212137 #52009] DEBUG -- : request-header: content-length => 25
I, [2016-02-22T15:05:53.646696 #52009]  INFO -- : status: Net::HTTPFound 1.1 302 Found
D, [2016-02-22T15:05:53.646776 #52009] DEBUG -- : response-header: server => Apache/2.2.15 (Red Hat)
D, [2016-02-22T15:05:53.646805 #52009] DEBUG -- : response-header: x-powered-by => PHP/5.3.3
D, [2016-02-22T15:05:53.646826 #52009] DEBUG -- : response-header: location => http://www.highspeedinternet.com/tx/abbott?zip=76621
D, [2016-02-22T15:05:53.646847 #52009] DEBUG -- : response-header: vary => Accept-Encoding,User-Agent
D, [2016-02-22T15:05:53.646866 #52009] DEBUG -- : response-header: content-encoding => gzip
D, [2016-02-22T15:05:53.646909 #52009] DEBUG -- : response-header: content-type => text/html; charset=UTF-8
D, [2016-02-22T15:05:53.646941 #52009] DEBUG -- : response-header: content-length => 20
D, [2016-02-22T15:05:53.646980 #52009] DEBUG -- : response-header: date => Mon, 22 Feb 2016 21:11:11 GMT
D, [2016-02-22T15:05:53.647059 #52009] DEBUG -- : response-header: x-varnish => 1780131509
D, [2016-02-22T15:05:53.647111 #52009] DEBUG -- : response-header: age => 0
D, [2016-02-22T15:05:53.647133 #52009] DEBUG -- : response-header: via => 1.1 varnish
D, [2016-02-22T15:05:53.647151 #52009] DEBUG -- : response-header: connection => keep-alive
D, [2016-02-22T15:05:53.647221 #52009] DEBUG -- : Read 20 bytes (20 total)
D, [2016-02-22T15:05:53.647352 #52009] DEBUG -- : gzip response
I, [2016-02-22T15:05:53.647736 #52009]  INFO -- : follow redirect to: http://www.highspeedinternet.com/tx/abbott?zip=76621
I, [2016-02-22T15:05:53.649296 #52009]  INFO -- : Net::HTTP::Get: /tx/abbott?zip=76621
D, [2016-02-22T15:05:53.649363 #52009] DEBUG -- : request-header: accept-encoding => gzip,deflate,identity
D, [2016-02-22T15:05:53.649414 #52009] DEBUG -- : request-header: accept => */*
D, [2016-02-22T15:05:53.649453 #52009] DEBUG -- : request-header: user-agent => Mechanize/2.7.4 Ruby/2.1.1p76 (http://github.com/sparklemotion/mechanize/)
D, [2016-02-22T15:05:53.649505 #52009] DEBUG -- : request-header: accept-charset => ISO-8859-1,utf-8;q=0.7,*;q=0.7
D, [2016-02-22T15:05:53.649540 #52009] DEBUG -- : request-header: accept-language => en-us,en;q=0.5
D, [2016-02-22T15:05:53.649598 #52009] DEBUG -- : request-header: cookie => PHPSESSID=1qb14ck01pjj78et7inv368a33; historical_promo_codes=47181; promo=47181
D, [2016-02-22T15:05:53.649648 #52009] DEBUG -- : request-header: host => www.highspeedinternet.com
D, [2016-02-22T15:05:53.649705 #52009] DEBUG -- : request-header: referer => http://www.highspeedinternet.com/
I, [2016-02-22T15:05:54.360471 #52009]  INFO -- : status: Net::HTTPOK 1.1 200 OK
D, [2016-02-22T15:05:54.360542 #52009] DEBUG -- : response-header: server => Apache/2.2.15 (Red Hat)
D, [2016-02-22T15:05:54.360565 #52009] DEBUG -- : response-header: x-powered-by => PHP/5.3.3
D, [2016-02-22T15:05:54.360595 #52009] DEBUG -- : response-header: expires => Thu, 19 Nov 1981 08:52:00 GMT
D, [2016-02-22T15:05:54.360614 #52009] DEBUG -- : response-header: cache-control => no-store, no-cache, must-revalidate, post-check=0, pre-check=0
D, [2016-02-22T15:05:54.360668 #52009] DEBUG -- : response-header: pragma => no-cache
D, [2016-02-22T15:05:54.360685 #52009] DEBUG -- : response-header: vary => Accept-Encoding,User-Agent
D, [2016-02-22T15:05:54.360700 #52009] DEBUG -- : response-header: content-encoding => gzip
D, [2016-02-22T15:05:54.360716 #52009] DEBUG -- : response-header: content-type => text/html; charset=UTF-8
D, [2016-02-22T15:05:54.360731 #52009] DEBUG -- : response-header: content-length => 20326
D, [2016-02-22T15:05:54.360746 #52009] DEBUG -- : response-header: date => Mon, 22 Feb 2016 21:11:12 GMT
D, [2016-02-22T15:05:54.360762 #52009] DEBUG -- : response-header: x-varnish => 1780131512
D, [2016-02-22T15:05:54.360777 #52009] DEBUG -- : response-header: age => 0
D, [2016-02-22T15:05:54.360792 #52009] DEBUG -- : response-header: via => 1.1 varnish
D, [2016-02-22T15:05:54.360807 #52009] DEBUG -- : response-header: connection => keep-alive
D, [2016-02-22T15:05:54.360891 #52009] DEBUG -- : Read 923 bytes (923 total)
D, [2016-02-22T15:05:54.360979 #52009] DEBUG -- : Read 16384 bytes (17307 total)
D, [2016-02-22T15:05:54.361013 #52009] DEBUG -- : Read 3019 bytes (20326 total)
D, [2016-02-22T15:05:54.361087 #52009] DEBUG -- : gzip response
I, [2016-02-22T15:08:01.723061 #52030]  INFO -- : Net::HTTP::Get: /
D, [2016-02-22T15:08:01.729500 #52030] DEBUG -- : request-header: accept-encoding => gzip,deflate,identity
D, [2016-02-22T15:08:01.729564 #52030] DEBUG -- : request-header: accept => */*
D, [2016-02-22T15:08:01.729586 #52030] DEBUG -- : request-header: user-agent => Mechanize/2.7.4 Ruby/2.1.1p76 (http://github.com/sparklemotion/mechanize/)
D, [2016-02-22T15:08:01.729614 #52030] DEBUG -- : request-header: accept-charset => ISO-8859-1,utf-8;q=0.7,*;q=0.7
D, [2016-02-22T15:08:01.729631 #52030] DEBUG -- : request-header: accept-language => en-us,en;q=0.5
D, [2016-02-22T15:08:01.729657 #52030] DEBUG -- : request-header: host => www.highspeedinternet.com
I, [2016-02-22T15:08:03.078675 #52030]  INFO -- : status: Net::HTTPOK 1.1 200 OK
D, [2016-02-22T15:08:03.078756 #52030] DEBUG -- : response-header: server => Apache/2.2.15 (Red Hat)
D, [2016-02-22T15:08:03.078784 #52030] DEBUG -- : response-header: x-powered-by => PHP/5.3.3
D, [2016-02-22T15:08:03.078808 #52030] DEBUG -- : response-header: set-cookie => PHPSESSID=p7hck0bjp4k9aun4shqnh3pva6; path=/, promo=deleted; expires=Sun, 22-Feb-2015 21:12:44 GMT; path=/, promo=47181; expires=Tue, 21-Feb-2017 21:12:45 GMT; path=/, historical_promo_codes=deleted; expires=Sun, 22-Feb-2015 21:12:44 GMT; path=/, historical_promo_codes=47181; expires=Tue, 21-Feb-2017 21:12:45 GMT; path=/
D, [2016-02-22T15:08:03.078830 #52030] DEBUG -- : response-header: expires => Thu, 19 Nov 1981 08:52:00 GMT
D, [2016-02-22T15:08:03.078850 #52030] DEBUG -- : response-header: cache-control => no-store, no-cache, must-revalidate, post-check=0, pre-check=0
D, [2016-02-22T15:08:03.078870 #52030] DEBUG -- : response-header: pragma => no-cache
D, [2016-02-22T15:08:03.078890 #52030] DEBUG -- : response-header: vary => Accept-Encoding,User-Agent
D, [2016-02-22T15:08:03.078933 #52030] DEBUG -- : response-header: content-encoding => gzip
D, [2016-02-22T15:08:03.078953 #52030] DEBUG -- : response-header: content-type => text/html; charset=UTF-8
D, [2016-02-22T15:08:03.078972 #52030] DEBUG -- : response-header: content-length => 18553
D, [2016-02-22T15:08:03.079003 #52030] DEBUG -- : response-header: date => Mon, 22 Feb 2016 21:12:45 GMT
D, [2016-02-22T15:08:03.079019 #52030] DEBUG -- : response-header: x-varnish => 886053741
D, [2016-02-22T15:08:03.079035 #52030] DEBUG -- : response-header: age => 0
D, [2016-02-22T15:08:03.079050 #52030] DEBUG -- : response-header: via => 1.1 varnish
D, [2016-02-22T15:08:03.079065 #52030] DEBUG -- : response-header: connection => keep-alive
D, [2016-02-22T15:08:03.079185 #52030] DEBUG -- : Read 4884 bytes (4884 total)
D, [2016-02-22T15:08:03.080311 #52030] DEBUG -- : Read 5872 bytes (10756 total)
D, [2016-02-22T15:08:03.087299 #52030] DEBUG -- : Read 2896 bytes (13652 total)
D, [2016-02-22T15:08:03.088966 #52030] DEBUG -- : Read 4344 bytes (17996 total)
D, [2016-02-22T15:08:03.098934 #52030] DEBUG -- : Read 557 bytes (18553 total)
D, [2016-02-22T15:08:03.099141 #52030] DEBUG -- : gzip response
D, [2016-02-22T15:08:03.130976 #52030] DEBUG -- : saved cookie: PHPSESSID=p7hck0bjp4k9aun4shqnh3pva6
D, [2016-02-22T15:08:03.141302 #52030] DEBUG -- : saved cookie: promo=deleted
D, [2016-02-22T15:08:03.141546 #52030] DEBUG -- : saved cookie: promo=47181
D, [2016-02-22T15:08:03.141709 #52030] DEBUG -- : saved cookie: historical_promo_codes=deleted
D, [2016-02-22T15:08:03.141865 #52030] DEBUG -- : saved cookie: historical_promo_codes=47181
I, [2016-02-22T15:08:03.199112 #52030]  INFO -- : form encoding: utf-8
D, [2016-02-22T15:08:03.199280 #52030] DEBUG -- : query: "zip=76621&action=redirect"
I, [2016-02-22T15:08:03.200849 #52030]  INFO -- : Net::HTTP::Post: /conf/HSIData.php
D, [2016-02-22T15:08:03.200888 #52030] DEBUG -- : request-header: accept-encoding => gzip,deflate,identity
D, [2016-02-22T15:08:03.200909 #52030] DEBUG -- : request-header: accept => */*
D, [2016-02-22T15:08:03.200930 #52030] DEBUG -- : request-header: user-agent => Mechanize/2.7.4 Ruby/2.1.1p76 (http://github.com/sparklemotion/mechanize/)
D, [2016-02-22T15:08:03.200961 #52030] DEBUG -- : request-header: accept-charset => ISO-8859-1,utf-8;q=0.7,*;q=0.7
D, [2016-02-22T15:08:03.200978 #52030] DEBUG -- : request-header: accept-language => en-us,en;q=0.5
D, [2016-02-22T15:08:03.200994 #52030] DEBUG -- : request-header: cookie => PHPSESSID=p7hck0bjp4k9aun4shqnh3pva6; historical_promo_codes=47181; promo=47181
D, [2016-02-22T15:08:03.201010 #52030] DEBUG -- : request-header: host => www.highspeedinternet.com
D, [2016-02-22T15:08:03.201032 #52030] DEBUG -- : request-header: referer => http://www.highspeedinternet.com/
D, [2016-02-22T15:08:03.201048 #52030] DEBUG -- : request-header: content-type => application/x-www-form-urlencoded
D, [2016-02-22T15:08:03.201079 #52030] DEBUG -- : request-header: content-length => 25
I, [2016-02-22T15:08:03.312161 #52030]  INFO -- : status: Net::HTTPFound 1.1 302 Found
D, [2016-02-22T15:08:03.312242 #52030] DEBUG -- : response-header: server => Apache/2.2.15 (Red Hat)
D, [2016-02-22T15:08:03.312270 #52030] DEBUG -- : response-header: x-powered-by => PHP/5.3.3
D, [2016-02-22T15:08:03.312293 #52030] DEBUG -- : response-header: location => http://www.highspeedinternet.com/tx/abbott?zip=76621
D, [2016-02-22T15:08:03.312315 #52030] DEBUG -- : response-header: vary => Accept-Encoding,User-Agent
D, [2016-02-22T15:08:03.312335 #52030] DEBUG -- : response-header: content-encoding => gzip
D, [2016-02-22T15:08:03.312355 #52030] DEBUG -- : response-header: content-type => text/html; charset=UTF-8
D, [2016-02-22T15:08:03.312375 #52030] DEBUG -- : response-header: content-length => 20
D, [2016-02-22T15:08:03.312395 #52030] DEBUG -- : response-header: date => Mon, 22 Feb 2016 21:12:46 GMT
D, [2016-02-22T15:08:03.312441 #52030] DEBUG -- : response-header: x-varnish => 886053748
D, [2016-02-22T15:08:03.312460 #52030] DEBUG -- : response-header: age => 0
D, [2016-02-22T15:08:03.312480 #52030] DEBUG -- : response-header: via => 1.1 varnish
D, [2016-02-22T15:08:03.312498 #52030] DEBUG -- : response-header: connection => keep-alive
D, [2016-02-22T15:08:03.312575 #52030] DEBUG -- : Read 20 bytes (20 total)
D, [2016-02-22T15:08:03.312679 #52030] DEBUG -- : gzip response
I, [2016-02-22T15:08:03.312891 #52030]  INFO -- : follow redirect to: http://www.highspeedinternet.com/tx/abbott?zip=76621
I, [2016-02-22T15:08:03.313888 #52030]  INFO -- : Net::HTTP::Get: /tx/abbott?zip=76621
D, [2016-02-22T15:08:03.313940 #52030] DEBUG -- : request-header: accept-encoding => gzip,deflate,identity
D, [2016-02-22T15:08:03.313962 #52030] DEBUG -- : request-header: accept => */*
D, [2016-02-22T15:08:03.313980 #52030] DEBUG -- : request-header: user-agent => Mechanize/2.7.4 Ruby/2.1.1p76 (http://github.com/sparklemotion/mechanize/)
D, [2016-02-22T15:08:03.314009 #52030] DEBUG -- : request-header: accept-charset => ISO-8859-1,utf-8;q=0.7,*;q=0.7
D, [2016-02-22T15:08:03.314028 #52030] DEBUG -- : request-header: accept-language => en-us,en;q=0.5
D, [2016-02-22T15:08:03.314045 #52030] DEBUG -- : request-header: cookie => PHPSESSID=p7hck0bjp4k9aun4shqnh3pva6; historical_promo_codes=47181; promo=47181
D, [2016-02-22T15:08:03.314061 #52030] DEBUG -- : request-header: host => www.highspeedinternet.com
D, [2016-02-22T15:08:03.314090 #52030] DEBUG -- : request-header: referer => http://www.highspeedinternet.com/
I, [2016-02-22T15:08:04.099679 #52030]  INFO -- : status: Net::HTTPOK 1.1 200 OK
D, [2016-02-22T15:08:04.099755 #52030] DEBUG -- : response-header: server => Apache/2.2.15 (Red Hat)
D, [2016-02-22T15:08:04.099778 #52030] DEBUG -- : response-header: x-powered-by => PHP/5.3.3
D, [2016-02-22T15:08:04.099798 #52030] DEBUG -- : response-header: expires => Thu, 19 Nov 1981 08:52:00 GMT
D, [2016-02-22T15:08:04.099815 #52030] DEBUG -- : response-header: cache-control => no-store, no-cache, must-revalidate, post-check=0, pre-check=0
D, [2016-02-22T15:08:04.099832 #52030] DEBUG -- : response-header: pragma => no-cache
D, [2016-02-22T15:08:04.099849 #52030] DEBUG -- : response-header: vary => Accept-Encoding,User-Agent
D, [2016-02-22T15:08:04.099905 #52030] DEBUG -- : response-header: content-encoding => gzip
D, [2016-02-22T15:08:04.099922 #52030] DEBUG -- : response-header: content-type => text/html; charset=UTF-8
D, [2016-02-22T15:08:04.099938 #52030] DEBUG -- : response-header: content-length => 20326
D, [2016-02-22T15:08:04.099954 #52030] DEBUG -- : response-header: date => Mon, 22 Feb 2016 21:12:46 GMT
D, [2016-02-22T15:08:04.099970 #52030] DEBUG -- : response-header: x-varnish => 886053749
D, [2016-02-22T15:08:04.099986 #52030] DEBUG -- : response-header: age => 0
D, [2016-02-22T15:08:04.100001 #52030] DEBUG -- : response-header: via => 1.1 varnish
D, [2016-02-22T15:08:04.100027 #52030] DEBUG -- : response-header: connection => keep-alive
D, [2016-02-22T15:08:04.100082 #52030] DEBUG -- : Read 8244 bytes (8244 total)
D, [2016-02-22T15:08:04.100182 #52030] DEBUG -- : Read 12082 bytes (20326 total)
D, [2016-02-22T15:08:04.100259 #52030] DEBUG -- : gzip response
I, [2016-02-22T15:11:30.242987 #52064]  INFO -- : Net::HTTP::Get: /
D, [2016-02-22T15:11:30.260539 #52064] DEBUG -- : request-header: accept-encoding => gzip,deflate,identity
D, [2016-02-22T15:11:30.260634 #52064] DEBUG -- : request-header: accept => */*
D, [2016-02-22T15:11:30.260660 #52064] DEBUG -- : request-header: user-agent => Mechanize/2.7.4 Ruby/2.1.1p76 (http://github.com/sparklemotion/mechanize/)
D, [2016-02-22T15:11:30.260682 #52064] DEBUG -- : request-header: accept-charset => ISO-8859-1,utf-8;q=0.7,*;q=0.7
D, [2016-02-22T15:11:30.260709 #52064] DEBUG -- : request-header: accept-language => en-us,en;q=0.5
D, [2016-02-22T15:11:30.260729 #52064] DEBUG -- : request-header: host => www.highspeedinternet.com
I, [2016-02-22T15:11:31.448801 #52064]  INFO -- : status: Net::HTTPOK 1.1 200 OK
D, [2016-02-22T15:11:31.448875 #52064] DEBUG -- : response-header: server => Apache/2.2.15 (Red Hat)
D, [2016-02-22T15:11:31.448897 #52064] DEBUG -- : response-header: x-powered-by => PHP/5.3.3
D, [2016-02-22T15:11:31.448915 #52064] DEBUG -- : response-header: set-cookie => PHPSESSID=gcavjuhh7kebhuohb7vm69ud95; path=/, promo=deleted; expires=Sun, 22-Feb-2015 21:14:28 GMT; path=/, promo=47181; expires=Tue, 21-Feb-2017 21:14:29 GMT; path=/, historical_promo_codes=deleted; expires=Sun, 22-Feb-2015 21:14:28 GMT; path=/, historical_promo_codes=47181; expires=Tue, 21-Feb-2017 21:14:29 GMT; path=/
D, [2016-02-22T15:11:31.448958 #52064] DEBUG -- : response-header: expires => Thu, 19 Nov 1981 08:52:00 GMT
D, [2016-02-22T15:11:31.448975 #52064] DEBUG -- : response-header: cache-control => no-store, no-cache, must-revalidate, post-check=0, pre-check=0
D, [2016-02-22T15:11:31.448991 #52064] DEBUG -- : response-header: pragma => no-cache
D, [2016-02-22T15:11:31.449019 #52064] DEBUG -- : response-header: vary => Accept-Encoding,User-Agent
D, [2016-02-22T15:11:31.449036 #52064] DEBUG -- : response-header: content-encoding => gzip
D, [2016-02-22T15:11:31.449051 #52064] DEBUG -- : response-header: content-type => text/html; charset=UTF-8
D, [2016-02-22T15:11:31.449068 #52064] DEBUG -- : response-header: content-length => 18553
D, [2016-02-22T15:11:31.449084 #52064] DEBUG -- : response-header: date => Mon, 22 Feb 2016 21:14:29 GMT
D, [2016-02-22T15:11:31.449099 #52064] DEBUG -- : response-header: x-varnish => 1335117958
D, [2016-02-22T15:11:31.449154 #52064] DEBUG -- : response-header: age => 0
D, [2016-02-22T15:11:31.449171 #52064] DEBUG -- : response-header: via => 1.1 varnish
D, [2016-02-22T15:11:31.449187 #52064] DEBUG -- : response-header: connection => keep-alive
D, [2016-02-22T15:11:31.470543 #52064] DEBUG -- : Read 539 bytes (539 total)
D, [2016-02-22T15:11:31.470679 #52064] DEBUG -- : Read 16384 bytes (16923 total)
D, [2016-02-22T15:11:31.470723 #52064] DEBUG -- : Read 1630 bytes (18553 total)
D, [2016-02-22T15:11:31.470871 #52064] DEBUG -- : gzip response
D, [2016-02-22T15:11:31.529640 #52064] DEBUG -- : saved cookie: PHPSESSID=gcavjuhh7kebhuohb7vm69ud95
D, [2016-02-22T15:11:31.540230 #52064] DEBUG -- : saved cookie: promo=deleted
D, [2016-02-22T15:11:31.540527 #52064] DEBUG -- : saved cookie: promo=47181
D, [2016-02-22T15:11:31.540699 #52064] DEBUG -- : saved cookie: historical_promo_codes=deleted
D, [2016-02-22T15:11:31.540870 #52064] DEBUG -- : saved cookie: historical_promo_codes=47181
I, [2016-02-22T15:11:31.549427 #52064]  INFO -- : form encoding: utf-8
D, [2016-02-22T15:11:31.549605 #52064] DEBUG -- : query: "zip=76621&action=redirect"
I, [2016-02-22T15:11:31.551207 #52064]  INFO -- : Net::HTTP::Post: /conf/HSIData.php
D, [2016-02-22T15:11:31.551246 #52064] DEBUG -- : request-header: accept-encoding => gzip,deflate,identity
D, [2016-02-22T15:11:31.551279 #52064] DEBUG -- : request-header: accept => */*
D, [2016-02-22T15:11:31.551298 #52064] DEBUG -- : request-header: user-agent => Mechanize/2.7.4 Ruby/2.1.1p76 (http://github.com/sparklemotion/mechanize/)
D, [2016-02-22T15:11:31.551316 #52064] DEBUG -- : request-header: accept-charset => ISO-8859-1,utf-8;q=0.7,*;q=0.7
D, [2016-02-22T15:11:31.551332 #52064] DEBUG -- : request-header: accept-language => en-us,en;q=0.5
D, [2016-02-22T15:11:31.551349 #52064] DEBUG -- : request-header: cookie => PHPSESSID=gcavjuhh7kebhuohb7vm69ud95; historical_promo_codes=47181; promo=47181
D, [2016-02-22T15:11:31.551365 #52064] DEBUG -- : request-header: host => www.highspeedinternet.com
D, [2016-02-22T15:11:31.551399 #52064] DEBUG -- : request-header: referer => http://www.highspeedinternet.com/
D, [2016-02-22T15:11:31.551416 #52064] DEBUG -- : request-header: content-type => application/x-www-form-urlencoded
D, [2016-02-22T15:11:31.551432 #52064] DEBUG -- : request-header: content-length => 25
I, [2016-02-22T15:11:31.770488 #52064]  INFO -- : status: Net::HTTPFound 1.1 302 Found
D, [2016-02-22T15:11:31.770571 #52064] DEBUG -- : response-header: server => Apache/2.2.15 (Red Hat)
D, [2016-02-22T15:11:31.770610 #52064] DEBUG -- : response-header: x-powered-by => PHP/5.3.3
D, [2016-02-22T15:11:31.770630 #52064] DEBUG -- : response-header: location => http://www.highspeedinternet.com/tx/abbott?zip=76621
D, [2016-02-22T15:11:31.770649 #52064] DEBUG -- : response-header: vary => Accept-Encoding,User-Agent
D, [2016-02-22T15:11:31.770675 #52064] DEBUG -- : response-header: content-encoding => gzip
D, [2016-02-22T15:11:31.770691 #52064] DEBUG -- : response-header: content-type => text/html; charset=UTF-8
D, [2016-02-22T15:11:31.770706 #52064] DEBUG -- : response-header: content-length => 20
D, [2016-02-22T15:11:31.770741 #52064] DEBUG -- : response-header: date => Mon, 22 Feb 2016 21:14:30 GMT
D, [2016-02-22T15:11:31.770756 #52064] DEBUG -- : response-header: x-varnish => 1335117959
D, [2016-02-22T15:11:31.770772 #52064] DEBUG -- : response-header: age => 0
D, [2016-02-22T15:11:31.770787 #52064] DEBUG -- : response-header: via => 1.1 varnish
D, [2016-02-22T15:11:31.770815 #52064] DEBUG -- : response-header: connection => keep-alive
D, [2016-02-22T15:11:31.770877 #52064] DEBUG -- : Read 20 bytes (20 total)
D, [2016-02-22T15:11:31.770980 #52064] DEBUG -- : gzip response
I, [2016-02-22T15:11:31.771191 #52064]  INFO -- : follow redirect to: http://www.highspeedinternet.com/tx/abbott?zip=76621
I, [2016-02-22T15:11:31.772441 #52064]  INFO -- : Net::HTTP::Get: /tx/abbott?zip=76621
D, [2016-02-22T15:11:31.772485 #52064] DEBUG -- : request-header: accept-encoding => gzip,deflate,identity
D, [2016-02-22T15:11:31.772524 #52064] DEBUG -- : request-header: accept => */*
D, [2016-02-22T15:11:31.772543 #52064] DEBUG -- : request-header: user-agent => Mechanize/2.7.4 Ruby/2.1.1p76 (http://github.com/sparklemotion/mechanize/)
D, [2016-02-22T15:11:31.772561 #52064] DEBUG -- : request-header: accept-charset => ISO-8859-1,utf-8;q=0.7,*;q=0.7
D, [2016-02-22T15:11:31.772577 #52064] DEBUG -- : request-header: accept-language => en-us,en;q=0.5
D, [2016-02-22T15:11:31.772593 #52064] DEBUG -- : request-header: cookie => PHPSESSID=gcavjuhh7kebhuohb7vm69ud95; historical_promo_codes=47181; promo=47181
D, [2016-02-22T15:11:31.772609 #52064] DEBUG -- : request-header: host => www.highspeedinternet.com
D, [2016-02-22T15:11:31.772630 #52064] DEBUG -- : request-header: referer => http://www.highspeedinternet.com/
I, [2016-02-22T15:11:32.595132 #52064]  INFO -- : status: Net::HTTPOK 1.1 200 OK
D, [2016-02-22T15:11:32.595206 #52064] DEBUG -- : response-header: server => Apache/2.2.15 (Red Hat)
D, [2016-02-22T15:11:32.595228 #52064] DEBUG -- : response-header: x-powered-by => PHP/5.3.3
D, [2016-02-22T15:11:32.595246 #52064] DEBUG -- : response-header: expires => Thu, 19 Nov 1981 08:52:00 GMT
D, [2016-02-22T15:11:32.595263 #52064] DEBUG -- : response-header: cache-control => no-store, no-cache, must-revalidate, post-check=0, pre-check=0
D, [2016-02-22T15:11:32.595279 #52064] DEBUG -- : response-header: pragma => no-cache
D, [2016-02-22T15:11:32.595295 #52064] DEBUG -- : response-header: vary => Accept-Encoding,User-Agent
D, [2016-02-22T15:11:32.595311 #52064] DEBUG -- : response-header: content-encoding => gzip
D, [2016-02-22T15:11:32.595326 #52064] DEBUG -- : response-header: content-type => text/html; charset=UTF-8
D, [2016-02-22T15:11:32.595342 #52064] DEBUG -- : response-header: content-length => 20326
D, [2016-02-22T15:11:32.595395 #52064] DEBUG -- : response-header: date => Mon, 22 Feb 2016 21:14:30 GMT
D, [2016-02-22T15:11:32.595411 #52064] DEBUG -- : response-header: x-varnish => 1335117960
D, [2016-02-22T15:11:32.595427 #52064] DEBUG -- : response-header: age => 0
D, [2016-02-22T15:11:32.595442 #52064] DEBUG -- : response-header: via => 1.1 varnish
D, [2016-02-22T15:11:32.595457 #52064] DEBUG -- : response-header: connection => keep-alive
D, [2016-02-22T15:11:32.595509 #52064] DEBUG -- : Read 923 bytes (923 total)
D, [2016-02-22T15:11:32.595584 #52064] DEBUG -- : Read 16384 bytes (17307 total)
D, [2016-02-22T15:11:32.595619 #52064] DEBUG -- : Read 3019 bytes (20326 total)
D, [2016-02-22T15:11:32.595727 #52064] DEBUG -- : gzip response
